# JRE version: OpenJDK Runtime Environment Temurin-21.0.6+7 (21.0.6+7) (build 21.0.6+7-LTS)
# Java VM: OpenJDK 64-Bit Server VM Temurin-21.0.6+7 (21.0.6+7-LTS, mixed mode, emulated-client, sharing, tiered, compressed oops, compressed class ptrs, g1 gc, windows-amd64)
GC Precious Log:
 CardTable entry size: 512
 Card Set container configuration: InlinePtr #cards 5 size 8 Array Of Cards #cards 12 size 40 Howl #buckets 4 coarsen threshold 1843 Howl Bitmap #cards 512 size 80 coarsen threshold 460 Card regions per heap region 1 cards per card region 2048
 CPUs: 8 total, 8 available
 Memory: 7930M
 Large Page Support: Disabled
 NUMA Support: Disabled
 Compressed Oops: Enabled (32-bit)
 Heap Region Size: 1M
 Heap Min Capacity: 8M
 Heap Initial Capacity: 124M
 Heap Max Capacity: 1984M
 Pre-touch: Disabled
 Parallel Workers: 8
 Concurrent Workers: 2
 Concurrent Refinement Workers: 8
 Periodic GC: Disabled
Heap:
 garbage-first heap   total 79872K, used 65836K [0x0000000084000000, 0x0000000100000000)
  region size 1024K, 32 young (32768K), 4 survivors (4096K)
 Metaspace       used 79573K, committed 80448K, reserved 1179648K
  class space    used 11191K, committed 11584K, reserved 1048576K
GC Heap History (20 events):
Event: 472.871 GC heap after
{Heap after GC invocations=36 (full 1):
 garbage-first heap   total 79872K, used 39518K [0x0000000084000000, 0x0000000100000000)
  region size 1024K, 5 young (5120K), 5 survivors (5120K)
 Metaspace       used 78336K, committed 79168K, reserved 1179648K
  class space    used 11068K, committed 11456K, reserved 1048576K
}
Event: 566.614 GC heap before
{Heap before GC invocations=36 (full 1):
 garbage-first heap   total 79872K, used 47710K [0x0000000084000000, 0x0000000100000000)
  region size 1024K, 14 young (14336K), 5 survivors (5120K)
 Metaspace       used 78339K, committed 79168K, reserved 1179648K
  class space    used 11069K, committed 11456K, reserved 1048576K
}
Event: 566.706 GC heap after
{Heap after GC invocations=37 (full 2):
 garbage-first heap   total 79872K, used 26206K [0x0000000084000000, 0x0000000100000000)
  region size 1024K, 0 young (0K), 0 survivors (0K)
 Metaspace       used 78063K, committed 79168K, reserved 1179648K
  class space    used 10998K, committed 11456K, reserved 1048576K
}
Event: 567.183 GC heap before
{Heap before GC invocations=37 (full 2):
 garbage-first heap   total 79872K, used 66142K [0x0000000084000000, 0x0000000100000000)
  region size 1024K, 40 young (40960K), 0 survivors (0K)
 Metaspace       used 78317K, committed 79168K, reserved 1179648K
  class space    used 11043K, committed 11456K, reserved 1048576K
}
Event: 567.188 GC heap after
{Heap after GC invocations=38 (full 2):
 garbage-first heap   total 79872K, used 30985K [0x0000000084000000, 0x0000000100000000)
  region size 1024K, 5 young (5120K), 5 survivors (5120K)
 Metaspace       used 78317K, committed 79168K, reserved 1179648K
  class space    used 11043K, committed 11456K, reserved 1048576K
}
Event: 567.652 GC heap before
{Heap before GC invocations=39 (full 2):
 garbage-first heap   total 79872K, used 65801K [0x0000000084000000, 0x0000000100000000)
  region size 1024K, 40 young (40960K), 5 survivors (5120K)
 Metaspace       used 78596K, committed 79360K, reserved 1179648K
  class space    used 11081K, committed 11456K, reserved 1048576K
}
Event: 567.656 GC heap after
{Heap after GC invocations=40 (full 2):
 garbage-first heap   total 79872K, used 34277K [0x0000000084000000, 0x0000000100000000)
  region size 1024K, 4 young (4096K), 4 survivors (4096K)
 Metaspace       used 78596K, committed 79360K, reserved 1179648K
  class space    used 11081K, committed 11456K, reserved 1048576K
}
Event: 567.928 GC heap before
{Heap before GC invocations=40 (full 2):
 garbage-first heap   total 79872K, used 67045K [0x0000000084000000, 0x0000000100000000)
  region size 1024K, 36 young (36864K), 4 survivors (4096K)
 Metaspace       used 78907K, committed 79744K, reserved 1179648K
  class space    used 11114K, committed 11520K, reserved 1048576K
}
Event: 567.932 GC heap after
{Heap after GC invocations=41 (full 2):
 garbage-first heap   total 79872K, used 36860K [0x0000000084000000, 0x0000000100000000)
  region size 1024K, 3 young (3072K), 3 survivors (3072K)
 Metaspace       used 78907K, committed 79744K, reserved 1179648K
  class space    used 11114K, committed 11520K, reserved 1048576K
}
Event: 598.138 GC heap before
{Heap before GC invocations=41 (full 2):
 garbage-first heap   total 79872K, used 69628K [0x0000000084000000, 0x0000000100000000)
  region size 1024K, 35 young (35840K), 3 survivors (3072K)
 Metaspace       used 78992K, committed 79872K, reserved 1179648K
  class space    used 11136K, committed 11520K, reserved 1048576K
}
Event: 598.143 GC heap after
{Heap after GC invocations=42 (full 2):
 garbage-first heap   total 79872K, used 39008K [0x0000000084000000, 0x0000000100000000)
  region size 1024K, 5 young (5120K), 5 survivors (5120K)
 Metaspace       used 78992K, committed 79872K, reserved 1179648K
  class space    used 11136K, committed 11520K, reserved 1048576K
}
Event: 598.155 GC heap before
{Heap before GC invocations=42 (full 2):
 garbage-first heap   total 79872K, used 39008K [0x0000000084000000, 0x0000000100000000)
  region size 1024K, 6 young (6144K), 5 survivors (5120K)
 Metaspace       used 78995K, committed 79872K, reserved 1179648K
  class space    used 11136K, committed 11520K, reserved 1048576K
}
Event: 598.197 GC heap after
{Heap after GC invocations=43 (full 3):
 garbage-first heap   total 79872K, used 30826K [0x0000000084000000, 0x0000000100000000)
  region size 1024K, 0 young (0K), 0 survivors (0K)
 Metaspace       used 78889K, committed 79872K, reserved 1179648K
  class space    used 11111K, committed 11520K, reserved 1048576K
}
Event: 598.489 GC heap before
{Heap before GC invocations=43 (full 3):
 garbage-first heap   total 79872K, used 68714K [0x0000000084000000, 0x0000000100000000)
  region size 1024K, 37 young (37888K), 0 survivors (0K)
 Metaspace       used 79087K, committed 79936K, reserved 1179648K
  class space    used 11146K, committed 11520K, reserved 1048576K
}
Event: 598.492 GC heap after
{Heap after GC invocations=44 (full 3):
 garbage-first heap   total 79872K, used 34816K [0x0000000084000000, 0x0000000100000000)
  region size 1024K, 4 young (4096K), 4 survivors (4096K)
 Metaspace       used 79087K, committed 79936K, reserved 1179648K
  class space    used 11146K, committed 11520K, reserved 1048576K
}
Event: 598.807 GC heap before
{Heap before GC invocations=44 (full 3):
 garbage-first heap   total 79872K, used 68608K [0x0000000084000000, 0x0000000100000000)
  region size 1024K, 38 young (38912K), 4 survivors (4096K)
 Metaspace       used 79332K, committed 80128K, reserved 1179648K
  class space    used 11171K, committed 11520K, reserved 1048576K
}
Event: 598.811 GC heap after
{Heap after GC invocations=45 (full 3):
 garbage-first heap   total 79872K, used 36544K [0x0000000084000000, 0x0000000100000000)
  region size 1024K, 3 young (3072K), 3 survivors (3072K)
 Metaspace       used 79332K, committed 80128K, reserved 1179648K
  class space    used 11171K, committed 11520K, reserved 1048576K
}
Event: 599.131 GC heap before
{Heap before GC invocations=46 (full 3):
 garbage-first heap   total 79872K, used 69312K [0x0000000084000000, 0x0000000100000000)
  region size 1024K, 35 young (35840K), 3 survivors (3072K)
 Metaspace       used 79554K, committed 80384K, reserved 1179648K
  class space    used 11188K, committed 11584K, reserved 1048576K
}
Event: 599.134 GC heap after
{Heap after GC invocations=47 (full 3):
 garbage-first heap   total 79872K, used 38188K [0x0000000084000000, 0x0000000100000000)
  region size 1024K, 4 young (4096K), 4 survivors (4096K)
 Metaspace       used 79554K, committed 80384K, reserved 1179648K
  class space    used 11188K, committed 11584K, reserved 1048576K
}
Event: 602.934 GC heap before
{Heap before GC invocations=47 (full 3):
 garbage-first heap   total 79872K, used 65836K [0x0000000084000000, 0x0000000100000000)
  region size 1024K, 32 young (32768K), 4 survivors (4096K)
 Metaspace       used 79573K, committed 80448K, reserved 1179648K
  class space    used 11191K, committed 11584K, reserved 1048576K
}

