# JRE version: OpenJDK Runtime Environment Temurin-21.0.6+7 (21.0.6+7) (build 21.0.6+7-LTS)
# Java VM: OpenJDK 64-Bit Server VM Temurin-21.0.6+7 (21.0.6+7-LTS, mixed mode, emulated-client, sharing, tiered, compressed oops, compressed class ptrs, g1 gc, windows-amd64)
GC Precious Log:
 CardTable entry size: 512
 Card Set container configuration: InlinePtr #cards 5 size 8 Array Of Cards #cards 12 size 40 Howl #buckets 4 coarsen threshold 1843 Howl Bitmap #cards 512 size 80 coarsen threshold 460 Card regions per heap region 1 cards per card region 2048
 CPUs: 8 total, 8 available
 Memory: 7930M
 Large Page Support: Disabled
 NUMA Support: Disabled
 Compressed Oops: Enabled (32-bit)
 Heap Region Size: 1M
 Heap Min Capacity: 8M
 Heap Initial Capacity: 124M
 Heap Max Capacity: 1984M
 Pre-touch: Disabled
 Parallel Workers: 8
 Concurrent Workers: 2
 Concurrent Refinement Workers: 8
 Periodic GC: Disabled
Heap:
 garbage-first heap   total 63488K, used 50395K [0x0000000084000000, 0x0000000100000000)
  region size 1024K, 21 young (21504K), 3 survivors (3072K)
 Metaspace       used 78347K, committed 78976K, reserved 1179648K
  class space    used 11081K, committed 11392K, reserved 1048576K
GC Heap History (20 events):
Event: 6.038 GC heap after
{Heap after GC invocations=13 (full 0):
 garbage-first heap   total 61440K, used 28633K [0x0000000084000000, 0x0000000100000000)
  region size 1024K, 2 young (2048K), 2 survivors (2048K)
 Metaspace       used 59140K, committed 59840K, reserved 1114112K
  class space    used 8251K, committed 8576K, reserved 1048576K
}
Event: 6.055 GC heap before
{Heap before GC invocations=13 (full 0):
 garbage-first heap   total 61440K, used 28633K [0x0000000084000000, 0x0000000100000000)
  region size 1024K, 3 young (3072K), 2 survivors (2048K)
 Metaspace       used 59318K, committed 59968K, reserved 1114112K
  class space    used 8271K, committed 8576K, reserved 1048576K
}
Event: 6.058 GC heap after
{Heap after GC invocations=14 (full 0):
 garbage-first heap   total 61440K, used 28676K [0x0000000084000000, 0x0000000100000000)
  region size 1024K, 2 young (2048K), 2 survivors (2048K)
 Metaspace       used 59318K, committed 59968K, reserved 1114112K
  class space    used 8271K, committed 8576K, reserved 1048576K
}
Event: 7.024 GC heap before
{Heap before GC invocations=15 (full 0):
 garbage-first heap   total 61440K, used 53252K [0x0000000084000000, 0x0000000100000000)
  region size 1024K, 26 young (26624K), 2 survivors (2048K)
 Metaspace       used 63862K, committed 64512K, reserved 1114112K
  class space    used 8974K, committed 9280K, reserved 1048576K
}
Event: 7.027 GC heap after
{Heap after GC invocations=16 (full 0):
 garbage-first heap   total 61440K, used 30533K [0x0000000084000000, 0x0000000100000000)
  region size 1024K, 3 young (3072K), 3 survivors (3072K)
 Metaspace       used 63862K, committed 64512K, reserved 1114112K
  class space    used 8974K, committed 9280K, reserved 1048576K
}
Event: 7.431 GC heap before
{Heap before GC invocations=16 (full 0):
 garbage-first heap   total 61440K, used 54085K [0x0000000084000000, 0x0000000100000000)
  region size 1024K, 27 young (27648K), 3 survivors (3072K)
 Metaspace       used 68036K, committed 68736K, reserved 1114112K
  class space    used 9564K, committed 9920K, reserved 1048576K
}
Event: 7.436 GC heap after
{Heap after GC invocations=17 (full 0):
 garbage-first heap   total 61440K, used 32148K [0x0000000084000000, 0x0000000100000000)
  region size 1024K, 4 young (4096K), 4 survivors (4096K)
 Metaspace       used 68036K, committed 68736K, reserved 1114112K
  class space    used 9564K, committed 9920K, reserved 1048576K
}
Event: 7.809 GC heap before
{Heap before GC invocations=17 (full 0):
 garbage-first heap   total 61440K, used 53652K [0x0000000084000000, 0x0000000100000000)
  region size 1024K, 25 young (25600K), 4 survivors (4096K)
 Metaspace       used 70597K, committed 71360K, reserved 1114112K
  class space    used 9947K, committed 10304K, reserved 1048576K
}
Event: 7.814 GC heap after
{Heap after GC invocations=18 (full 0):
 garbage-first heap   total 61440K, used 34498K [0x0000000084000000, 0x0000000100000000)
  region size 1024K, 4 young (4096K), 4 survivors (4096K)
 Metaspace       used 70597K, committed 71360K, reserved 1114112K
  class space    used 9947K, committed 10304K, reserved 1048576K
}
Event: 118.207 GC heap before
{Heap before GC invocations=19 (full 0):
 garbage-first heap   total 61440K, used 53954K [0x0000000084000000, 0x0000000100000000)
  region size 1024K, 23 young (23552K), 4 survivors (4096K)
 Metaspace       used 73377K, committed 74176K, reserved 1114112K
  class space    used 10341K, committed 10688K, reserved 1048576K
}
Event: 118.212 GC heap after
{Heap after GC invocations=20 (full 0):
 garbage-first heap   total 61440K, used 35758K [0x0000000084000000, 0x0000000100000000)
  region size 1024K, 2 young (2048K), 2 survivors (2048K)
 Metaspace       used 73377K, committed 74176K, reserved 1114112K
  class space    used 10341K, committed 10688K, reserved 1048576K
}
Event: 443.030 GC heap before
{Heap before GC invocations=20 (full 0):
 garbage-first heap   total 61440K, used 55214K [0x0000000084000000, 0x0000000100000000)
  region size 1024K, 21 young (21504K), 2 survivors (2048K)
 Metaspace       used 73419K, committed 74176K, reserved 1114112K
  class space    used 10349K, committed 10688K, reserved 1048576K
}
Event: 443.087 GC heap after
{Heap after GC invocations=21 (full 0):
 garbage-first heap   total 61440K, used 35668K [0x0000000084000000, 0x0000000100000000)
  region size 1024K, 1 young (1024K), 1 survivors (1024K)
 Metaspace       used 73419K, committed 74176K, reserved 1114112K
  class space    used 10349K, committed 10688K, reserved 1048576K
}
Event: 564.200 GC heap before
{Heap before GC invocations=21 (full 0):
 garbage-first heap   total 61440K, used 55124K [0x0000000084000000, 0x0000000100000000)
  region size 1024K, 21 young (21504K), 1 survivors (1024K)
 Metaspace       used 77146K, committed 77952K, reserved 1179648K
  class space    used 10897K, committed 11264K, reserved 1048576K
}
Event: 564.208 GC heap after
{Heap after GC invocations=22 (full 0):
 garbage-first heap   total 61440K, used 36253K [0x0000000084000000, 0x0000000100000000)
  region size 1024K, 2 young (2048K), 2 survivors (2048K)
 Metaspace       used 77146K, committed 77952K, reserved 1179648K
  class space    used 10897K, committed 11264K, reserved 1048576K
}
Event: 894.189 GC heap before
{Heap before GC invocations=23 (full 0):
 garbage-first heap   total 61440K, used 55709K [0x0000000084000000, 0x0000000100000000)
  region size 1024K, 21 young (21504K), 2 survivors (2048K)
 Metaspace       used 76771K, committed 77952K, reserved 1179648K
  class space    used 10800K, committed 11264K, reserved 1048576K
}
Event: 894.233 GC heap after
{Heap after GC invocations=24 (full 0):
 garbage-first heap   total 61440K, used 36088K [0x0000000084000000, 0x0000000100000000)
  region size 1024K, 2 young (2048K), 2 survivors (2048K)
 Metaspace       used 76771K, committed 77952K, reserved 1179648K
  class space    used 10800K, committed 11264K, reserved 1048576K
}
Event: 1082.816 GC heap before
{Heap before GC invocations=24 (full 0):
 garbage-first heap   total 61440K, used 54520K [0x0000000084000000, 0x0000000100000000)
  region size 1024K, 21 young (21504K), 2 survivors (2048K)
 Metaspace       used 78163K, committed 78784K, reserved 1179648K
  class space    used 11039K, committed 11328K, reserved 1048576K
}
Event: 1082.825 GC heap after
{Heap after GC invocations=25 (full 0):
 garbage-first heap   total 63488K, used 34011K [0x0000000084000000, 0x0000000100000000)
  region size 1024K, 3 young (3072K), 3 survivors (3072K)
 Metaspace       used 78163K, committed 78784K, reserved 1179648K
  class space    used 11039K, committed 11328K, reserved 1048576K
}
Event: 1303.895 GC heap before
{Heap before GC invocations=25 (full 0):
 garbage-first heap   total 63488K, used 50395K [0x0000000084000000, 0x0000000100000000)
  region size 1024K, 21 young (21504K), 3 survivors (3072K)
 Metaspace       used 78347K, committed 78976K, reserved 1179648K
  class space    used 11081K, committed 11392K, reserved 1048576K
}

