# JRE version: OpenJDK Runtime Environment Temurin-21.0.6+7 (21.0.6+7) (build 21.0.6+7-LTS)
# Java VM: OpenJDK 64-Bit Server VM Temurin-21.0.6+7 (21.0.6+7-LTS, mixed mode, emulated-client, sharing, tiered, compressed oops, compressed class ptrs, g1 gc, windows-amd64)
GC Precious Log:
 CardTable entry size: 512
 Card Set container configuration: InlinePtr #cards 5 size 8 Array Of Cards #cards 12 size 40 Howl #buckets 4 coarsen threshold 1843 Howl Bitmap #cards 512 size 80 coarsen threshold 460 Card regions per heap region 1 cards per card region 2048
 CPUs: 8 total, 8 available
 Memory: 7930M
 Large Page Support: Disabled
 NUMA Support: Disabled
 Compressed Oops: Enabled (32-bit)
 Heap Region Size: 1M
 Heap Min Capacity: 8M
 Heap Initial Capacity: 124M
 Heap Max Capacity: 1984M
 Pre-touch: Disabled
 Parallel Workers: 8
 Concurrent Workers: 2
 Concurrent Refinement Workers: 8
 Periodic GC: Disabled
Heap:
 garbage-first heap   total 173056K, used 111765K [0x0000000084000000, 0x0000000100000000)
  region size 1024K, 17 young (17408K), 8 survivors (8192K)
 Metaspace       used 93800K, committed 95296K, reserved 1179648K
  class space    used 12855K, committed 13568K, reserved 1048576K
GC Heap History (20 events):
Event: 11710.459 GC heap before
{Heap before GC invocations=296 (full 27):
 garbage-first heap   total 163840K, used 152386K [0x0000000084000000, 0x0000000100000000)
  region size 1024K, 55 young (56320K), 3 survivors (3072K)
 Metaspace       used 92955K, committed 94464K, reserved 1179648K
  class space    used 12757K, committed 13504K, reserved 1048576K
}
Event: 11710.463 GC heap after
{Heap after GC invocations=297 (full 27):
 garbage-first heap   total 163840K, used 98982K [0x0000000084000000, 0x0000000100000000)
  region size 1024K, 3 young (3072K), 3 survivors (3072K)
 Metaspace       used 92955K, committed 94464K, reserved 1179648K
  class space    used 12757K, committed 13504K, reserved 1048576K
}
Event: 11720.625 GC heap before
{Heap before GC invocations=298 (full 27):
 garbage-first heap   total 165888K, used 150182K [0x0000000084000000, 0x0000000100000000)
  region size 1024K, 54 young (55296K), 3 survivors (3072K)
 Metaspace       used 93101K, committed 94592K, reserved 1179648K
  class space    used 12779K, committed 13504K, reserved 1048576K
}
Event: 11720.631 GC heap after
{Heap after GC invocations=299 (full 27):
 garbage-first heap   total 165888K, used 102251K [0x0000000084000000, 0x0000000100000000)
  region size 1024K, 6 young (6144K), 6 survivors (6144K)
 Metaspace       used 93101K, committed 94592K, reserved 1179648K
  class space    used 12779K, committed 13504K, reserved 1048576K
}
Event: 11721.447 GC heap before
{Heap before GC invocations=299 (full 27):
 garbage-first heap   total 165888K, used 149355K [0x0000000084000000, 0x0000000100000000)
  region size 1024K, 53 young (54272K), 6 survivors (6144K)
 Metaspace       used 93416K, committed 94912K, reserved 1179648K
  class space    used 12805K, committed 13568K, reserved 1048576K
}
Event: 11721.454 GC heap after
{Heap after GC invocations=300 (full 27):
 garbage-first heap   total 165888K, used 103680K [0x0000000084000000, 0x0000000100000000)
  region size 1024K, 7 young (7168K), 7 survivors (7168K)
 Metaspace       used 93416K, committed 94912K, reserved 1179648K
  class space    used 12805K, committed 13568K, reserved 1048576K
}
Event: 11736.892 GC heap before
{Heap before GC invocations=300 (full 27):
 garbage-first heap   total 165888K, used 147712K [0x0000000084000000, 0x0000000100000000)
  region size 1024K, 51 young (52224K), 7 survivors (7168K)
 Metaspace       used 93533K, committed 95040K, reserved 1179648K
  class space    used 12815K, committed 13568K, reserved 1048576K
}
Event: 11736.897 GC heap after
{Heap after GC invocations=301 (full 27):
 garbage-first heap   total 165888K, used 103221K [0x0000000084000000, 0x0000000100000000)
  region size 1024K, 3 young (3072K), 3 survivors (3072K)
 Metaspace       used 93533K, committed 95040K, reserved 1179648K
  class space    used 12815K, committed 13568K, reserved 1048576K
}
Event: 11762.727 GC heap before
{Heap before GC invocations=302 (full 27):
 garbage-first heap   total 173056K, used 153397K [0x0000000084000000, 0x0000000100000000)
  region size 1024K, 52 young (53248K), 3 survivors (3072K)
 Metaspace       used 93436K, committed 95040K, reserved 1179648K
  class space    used 12790K, committed 13568K, reserved 1048576K
}
Event: 11762.731 GC heap after
{Heap after GC invocations=303 (full 27):
 garbage-first heap   total 173056K, used 102910K [0x0000000084000000, 0x0000000100000000)
  region size 1024K, 3 young (3072K), 3 survivors (3072K)
 Metaspace       used 93436K, committed 95040K, reserved 1179648K
  class space    used 12790K, committed 13568K, reserved 1048576K
}
Event: 11792.210 GC heap before
{Heap before GC invocations=303 (full 27):
 garbage-first heap   total 173056K, used 160254K [0x0000000084000000, 0x0000000100000000)
  region size 1024K, 59 young (60416K), 3 survivors (3072K)
 Metaspace       used 93436K, committed 95040K, reserved 1179648K
  class space    used 12790K, committed 13568K, reserved 1048576K
}
Event: 11792.214 GC heap after
{Heap after GC invocations=304 (full 27):
 garbage-first heap   total 173056K, used 100576K [0x0000000084000000, 0x0000000100000000)
  region size 1024K, 3 young (3072K), 3 survivors (3072K)
 Metaspace       used 93436K, committed 95040K, reserved 1179648K
  class space    used 12790K, committed 13568K, reserved 1048576K
}
Event: 11823.039 GC heap before
{Heap before GC invocations=304 (full 27):
 garbage-first heap   total 173056K, used 159968K [0x0000000084000000, 0x0000000100000000)
  region size 1024K, 61 young (62464K), 3 survivors (3072K)
 Metaspace       used 93436K, committed 95040K, reserved 1179648K
  class space    used 12790K, committed 13568K, reserved 1048576K
}
Event: 11823.042 GC heap after
{Heap after GC invocations=305 (full 27):
 garbage-first heap   total 173056K, used 99609K [0x0000000084000000, 0x0000000100000000)
  region size 1024K, 2 young (2048K), 2 survivors (2048K)
 Metaspace       used 93436K, committed 95040K, reserved 1179648K
  class space    used 12790K, committed 13568K, reserved 1048576K
}
Event: 11854.599 GC heap before
{Heap before GC invocations=306 (full 27):
 garbage-first heap   total 173056K, used 161049K [0x0000000084000000, 0x0000000100000000)
  region size 1024K, 62 young (63488K), 2 survivors (2048K)
 Metaspace       used 93397K, committed 95040K, reserved 1179648K
  class space    used 12779K, committed 13568K, reserved 1048576K
}
Event: 11854.602 GC heap after
{Heap after GC invocations=307 (full 27):
 garbage-first heap   total 173056K, used 99536K [0x0000000084000000, 0x0000000100000000)
  region size 1024K, 2 young (2048K), 2 survivors (2048K)
 Metaspace       used 93397K, committed 95040K, reserved 1179648K
  class space    used 12779K, committed 13568K, reserved 1048576K
}
Event: 11886.078 GC heap before
{Heap before GC invocations=307 (full 27):
 garbage-first heap   total 173056K, used 160976K [0x0000000084000000, 0x0000000100000000)
  region size 1024K, 62 young (63488K), 2 survivors (2048K)
 Metaspace       used 93397K, committed 95040K, reserved 1179648K
  class space    used 12779K, committed 13568K, reserved 1048576K
}
Event: 11886.096 GC heap after
{Heap after GC invocations=308 (full 27):
 garbage-first heap   total 173056K, used 96997K [0x0000000084000000, 0x0000000100000000)
  region size 1024K, 2 young (2048K), 2 survivors (2048K)
 Metaspace       used 93397K, committed 95040K, reserved 1179648K
  class space    used 12779K, committed 13568K, reserved 1048576K
}
Event: 11887.950 GC heap before
{Heap before GC invocations=308 (full 27):
 garbage-first heap   total 173056K, used 159461K [0x0000000084000000, 0x0000000100000000)
  region size 1024K, 64 young (65536K), 2 survivors (2048K)
 Metaspace       used 93743K, committed 95232K, reserved 1179648K
  class space    used 12846K, committed 13568K, reserved 1048576K
}
Event: 11887.955 GC heap after
{Heap after GC invocations=309 (full 27):
 garbage-first heap   total 173056K, used 103573K [0x0000000084000000, 0x0000000100000000)
  region size 1024K, 8 young (8192K), 8 survivors (8192K)
 Metaspace       used 93743K, committed 95232K, reserved 1179648K
  class space    used 12846K, committed 13568K, reserved 1048576K
}

